=======MENU=========
1 - Inner Product
2 - Unique Element
3 - Capitalization
4 - Overlapping Area
6 - Permutation
7 - EXIT
====================
Enter Your choice:
Hello

=======MENU=========
1 - Inner Product
2 - Unique Element
3 - Capitalization
4 - Overlapping Area
6 - Permutation
7 - EXIT
====================
Enter Your choice:
World

=======MENU=========
1 - Inner Product
2 - Unique Element
3 - Capitalization
4 - Overlapping Area
6 - Permutation
7 - EXIT
====================
Enter Your choice:

